2025-04-07 17:01:27 [INFO] - Application is starting...
2025-04-07 17:01:35 [WARNING] - [a289b620-7e19-4baf-ab91-c3f7d2aa520e] Login failed for stringstrings: not found
2025-04-07 17:08:45 [INFO] - Application is shutting down...
2025-04-08 14:09:12 [INFO] - Application is starting...
2025-04-08 14:09:46 [INFO] - Application is shutting down...
2025-04-08 14:09:49 [INFO] - Application is starting...
2025-04-08 14:10:02 [WARNING] - [862f5baf-9851-49a3-b1a5-22b6c696e10a] Login failed for stringstrings: not found
2025-04-08 14:10:05 [WARNING] - [ae303e4f-f4d2-4ade-8b1f-737417d32b9d] Login failed for stringstrings: not found
2025-04-08 14:10:10 [WARNING] - [c0788ebb-d429-4e09-9620-68154e68d476] Login failed for stringstrings: not found
2025-04-08 14:10:16 [INFO] - Application is shutting down...
2025-04-08 14:17:46 [WARNING] - [56403a80-9c52-4e10-9cee-71cbf1b1d516] Login failed for stringstrings: not found
2025-04-08 14:17:54 [INFO] - Application is shutting down...
2025-04-08 14:18:40 [INFO] - Application is starting...
2025-04-08 14:18:48 [WARNING] - [a7104d0d-4238-4837-bb11-4310f5bef200] Login failed for stringstrings: not found
2025-04-08 14:18:49 [WARNING] - [04d7fa71-0072-4c2a-81bd-49723cba5b04] Login failed for stringstrings: not found
2025-04-08 14:18:50 [WARNING] - [3ae3b20f-db64-4ff4-bc7b-654d34106942] Login failed for stringstrings: not found
2025-04-08 14:18:52 [WARNING] - [1639182f-4240-4303-9022-983e9e5f328a] Login failed for stringstrings: not found
2025-04-08 14:18:53 [WARNING] - [f402a5d2-2caa-45f9-8ff6-28f2c9d27644] Login failed for stringstrings: not found
2025-04-08 14:18:53 [WARNING] - [03a5b15d-caa0-434d-88a6-6b4ac923db9f] Login failed for stringstrings: not found
2025-04-08 14:18:53 [WARNING] - [7e64181d-2835-4e73-bd49-43a26ecc869a] Login failed for stringstrings: not found
2025-04-08 14:18:53 [WARNING] - [a891d9dd-0f08-4ead-86df-a4d9f7a4afde] Login failed for stringstrings: not found
2025-04-08 14:18:54 [WARNING] - [adcebc99-8f57-418a-9fb7-7633bdb7e401] Login failed for stringstrings: not found
2025-04-08 14:18:54 [WARNING] - [2110e02a-c8e3-49b0-8375-2b19e2fa13b8] Login failed for stringstrings: not found
2025-04-08 14:18:54 [WARNING] - [0edbda73-783b-4775-abc3-793ed7e6a5cc] Login failed for stringstrings: not found
2025-04-08 14:18:54 [WARNING] - [af9577c8-a639-4efa-9487-a18acf791303] Login failed for stringstrings: not found
2025-04-08 14:18:54 [WARNING] - [10fb6766-2930-4f48-a706-2e056fb20034] Login failed for stringstrings: not found
2025-04-08 14:18:54 [WARNING] - [c26f7545-a486-4f81-a0ec-02afbb02aad4] Login failed for stringstrings: not found
2025-04-08 14:18:54 [WARNING] - [f6ac84c7-eb3e-43ad-a942-24e3a5a996e4] Login failed for stringstrings: not found
2025-04-08 14:18:55 [WARNING] - [31bfe974-282e-4139-b265-faf0ac6a2825] Login failed for stringstrings: not found
2025-04-08 14:18:55 [WARNING] - [718c5f64-b585-466d-a31c-a785907d7550] Login failed for stringstrings: not found
2025-04-08 14:18:55 [WARNING] - [a8d9a73e-2188-4806-bb1c-d44b49dda792] Login failed for stringstrings: not found
2025-04-08 14:23:11 [INFO] - Application is shutting down...
2025-04-08 14:23:14 [INFO] - Application is starting...
2025-04-08 14:23:19 [WARNING] - [b8f098bb-adbc-404e-917b-b91800e0c392] Login failed for stringstrings: not found
2025-04-08 14:23:20 [WARNING] - [44472057-8a23-4abf-b386-78a4937b65ea] Login failed for stringstrings: not found
2025-04-08 14:23:21 [WARNING] - [197f4b69-35c2-473b-bc04-de294900ba68] Login failed for stringstrings: not found
2025-04-08 14:23:22 [WARNING] - [4f8fcadf-92c1-4c18-b62c-f34a5a112b24] Login failed for stringstrings: not found
2025-04-08 14:23:22 [WARNING] - [f347cebc-3d87-43e2-b9e5-f3c57690e742] Login failed for stringstrings: not found
2025-04-08 14:23:42 [INFO] - Application is shutting down...
2025-04-08 14:23:45 [INFO] - Application is starting...
2025-04-08 14:23:47 [WARNING] - [7a7eeae4-b94c-428a-aa88-3e2e74ae1709] Login failed for stringstrings: not found
2025-04-08 14:27:28 [WARNING] - [c19ecafa-ed49-440a-a52e-af923860adb4] Wrong password for +380951234567
2025-04-08 14:27:39 [WARNING] - [f7d59975-a888-4c80-ba78-da95e77628a5] Wrong password for +380951234567
2025-04-08 14:27:59 [WARNING] - [c574e9b2-d7e9-4f04-a2e1-35cd95a86666] Wrong password for +380951111111
2025-04-08 14:28:00 [WARNING] - [cb8d884b-a033-4871-a55a-05f01cb7cdf3] Wrong password for +380951111111
2025-04-08 14:28:01 [WARNING] - [5e34aa9d-10e9-414f-b774-296e37f6075f] Wrong password for +380951111111
2025-04-08 14:28:02 [WARNING] - [91bacf4d-0e51-4aca-9982-6e5c39ff96c3] Wrong password for +380951111111
2025-04-08 14:29:48 [INFO] - User +380111111111 logged in successfully
2025-04-08 14:29:48 [INFO] - Memory usage after generating token: 0.0 MiB
2025-04-08 14:35:03 [INFO] - Application is shutting down...
2025-04-08 14:38:17 [INFO] - Application is starting...
2025-04-08 14:41:24 [INFO] - Application is shutting down...
2025-04-08 14:41:41 [INFO] - Application is starting...
2025-04-08 14:42:32 [INFO] - Application is shutting down...
